package 'boot' successfully unpacked and MD5 sums checked
package 'class' successfully unpacked and MD5 sums checked
package 'foreign' successfully unpacked and MD5 sums checked
package 'KernSmooth' successfully unpacked and MD5 sums checked
package 'MASS' successfully unpacked and MD5 sums checked
package 'nlme' successfully unpacked and MD5 sums checked
package 'nnet' successfully unpacked and MD5 sums checked
package 'spatial' successfully unpacked and MD5 sums checked

The downloaded binary packages are in
	C:\Users\srv\AppData\Local\Temp\RtmpExLBxe\downloaded_packages
package 'ps' successfully unpacked and MD5 sums checked
package 'processx' successfully unpacked and MD5 sums checked
package 'callr' successfully unpacked and MD5 sums checked
package 'backports' successfully unpacked and MD5 sums checked
package 'desc' successfully unpacked and MD5 sums checked
package 'pkgbuild' successfully unpacked and MD5 sums checked
package 'rprojroot' successfully unpacked and MD5 sums checked
package 'rstudioapi' successfully unpacked and MD5 sums checked
package 'evaluate' successfully unpacked and MD5 sums checked
package 'pkgload' successfully unpacked and MD5 sums checked
package 'praise' successfully unpacked and MD5 sums checked
package 'lazyeval' successfully unpacked and MD5 sums checked
package 'testthat' successfully unpacked and MD5 sums checked
package 'farver' successfully unpacked and MD5 sums checked
package 'labeling' successfully unpacked and MD5 sums checked
package 'munsell' successfully unpacked and MD5 sums checked
package 'viridisLite' successfully unpacked and MD5 sums checked
package 'assertthat' successfully unpacked and MD5 sums checked
package 'utf8' successfully unpacked and MD5 sums checked
package 'pkgconfig' successfully unpacked and MD5 sums checked
package 'base64enc' successfully unpacked and MD5 sums checked
package 'crosstalk' successfully unpacked and MD5 sums checked
package 'digest' successfully unpacked and MD5 sums checked
package 'isoband' successfully unpacked and MD5 sums checked
package 'scales' successfully unpacked and MD5 sums checked
package 'withr' successfully unpacked and MD5 sums checked
package 'Rcpp' successfully unpacked and MD5 sums checked
package 'hms' successfully unpacked and MD5 sums checked
package 'prettyunits' successfully unpacked and MD5 sums checked
package 'crayon' successfully unpacked and MD5 sums checked
package 'cli' successfully unpacked and MD5 sums checked
package 'fansi' successfully unpacked and MD5 sums checked
package 'pillar' successfully unpacked and MD5 sums checked
package 'coda' successfully unpacked and MD5 sums checked
package 'yaml' successfully unpacked and MD5 sums checked
package 'purrr' successfully unpacked and MD5 sums checked
package 'igraph' successfully unpacked and MD5 sums checked
package 'magrittr' successfully unpacked and MD5 sums checked
package 'threejs' successfully unpacked and MD5 sums checked
package 'colorspace' successfully unpacked and MD5 sums checked
package 'DBI' successfully unpacked and MD5 sums checked
package 'ggplot2' successfully unpacked and MD5 sums checked
package 'gtable' successfully unpacked and MD5 sums checked
package 'plyr' successfully unpacked and MD5 sums checked
package 'progress' successfully unpacked and MD5 sums checked
package 'RColorBrewer' successfully unpacked and MD5 sums checked
package 'reshape' successfully unpacked and MD5 sums checked
package 'rlang' successfully unpacked and MD5 sums checked
package 'tibble' successfully unpacked and MD5 sums checked
package 'statnet.common' successfully unpacked and MD5 sums checked
package 'htmlwidgets' successfully unpacked and MD5 sums checked
package 'htmltools' successfully unpacked and MD5 sums checked
package 'jsonlite' successfully unpacked and MD5 sums checked
package 'ellipsis' successfully unpacked and MD5 sums checked
package 'generics' successfully unpacked and MD5 sums checked
package 'glue' successfully unpacked and MD5 sums checked
package 'lifecycle' successfully unpacked and MD5 sums checked
package 'R6' successfully unpacked and MD5 sums checked
package 'tidyselect' successfully unpacked and MD5 sums checked
package 'vctrs' successfully unpacked and MD5 sums checked
package 'epicontacts' successfully unpacked and MD5 sums checked
package 'outbreaks' successfully unpacked and MD5 sums checked
package 'RPostgreSQL' successfully unpacked and MD5 sums checked
package 'GGally' successfully unpacked and MD5 sums checked
package 'network' successfully unpacked and MD5 sums checked
package 'sna' successfully unpacked and MD5 sums checked
package 'visNetwork' successfully unpacked and MD5 sums checked
package 'dplyr' successfully unpacked and MD5 sums checked

The downloaded binary packages are in
	C:\Users\srv\AppData\Local\Temp\RtmpExLBxe\downloaded_packages

